#
# There is insufficient memory for the Java Runtime Environment to continue.
# Native memory allocation (mmap) failed to map 264241152 bytes for G1 virtual space
# Possible reasons:
#   The system is out of physical RAM or swap space
#   The process is running with CompressedOops enabled, and the Java Heap may be blocking the growth of the native heap
# Possible solutions:
#   Reduce memory load on the system
#   Increase physical memory or swap space
#   Check if swap backing store is full
#   Decrease Java heap size (-Xmx/-Xms)
#   Decrease number of Java threads
#   Decrease Java thread stack sizes (-Xss)
#   Set larger code cache with -XX:ReservedCodeCacheSize=
#   JVM is running with Zero Based Compressed Oops mode in which the Java heap is
#     placed in the first 32GB address space. The Java Heap base address is the
#     maximum limit for the native heap growth. Please use -XX:HeapBaseMinAddress
#     to set the Java Heap base and to place the Java Heap above 32GB virtual address.
# This output file may be truncated or incomplete.
#
#  Out of Memory Error (os_windows.cpp:3469), pid=41048, tid=20152
#
# JRE version:  (17.0+35) (build )
# Java VM: OpenJDK 64-Bit Server VM (17+35-2724, mixed mode, sharing, tiered, compressed oops, compressed class ptrs, g1 gc, windows-amd64)
# No core dump will be written. Minidumps are not enabled by default on client versions of Windows
#

---------------  S U M M A R Y ------------

Command Line: -XX:+ShowCodeDetailsInExceptionMessages mapVersionDictionary

Host: 11th Gen Intel(R) Core(TM) i5-1155G7 @ 2.50GHz, 8 cores, 15G,  Windows 10 , 64 bit Build 22621 (10.0.22621.4391)
Time: Wed Jan 22 20:42:59 2025  Windows 10 , 64 bit Build 22621 (10.0.22621.4391) elapsed time: 0.025344 seconds (0d 0h 0m 0s)

---------------  T H R E A D  ---------------

Current thread (0x000001eb82381410):  JavaThread "Unknown thread" [_thread_in_vm, id=20152, stack(0x000000576be00000,0x000000576bf00000)]

Stack: [0x000000576be00000,0x000000576bf00000]
Native frames: (J=compiled Java code, j=interpreted, Vv=VM code, C=native code)
V  [jvm.dll+0x66f8ea]
V  [jvm.dll+0x7ce224]
V  [jvm.dll+0x7cf9ce]
V  [jvm.dll+0x7d0033]
V  [jvm.dll+0x242bb5]
V  [jvm.dll+0x66c909]
V  [jvm.dll+0x6613d2]
V  [jvm.dll+0x30082b]
V  [jvm.dll+0x307db6]
V  [jvm.dll+0x357a0e]
V  [jvm.dll+0x357c3f]
V  [jvm.dll+0x2d7ae8]
V  [jvm.dll+0x2d8a54]
V  [jvm.dll+0x7a00a1]
V  [jvm.dll+0x365781]
V  [jvm.dll+0x77f59c]
V  [jvm.dll+0x3e805f]
V  [jvm.dll+0x3e9b01]
C  [jli.dll+0x527b]
C  [ucrtbase.dll+0x29333]
C  [KERNEL32.DLL+0x1259d]
C  [ntdll.dll+0x5af38]


---------------  P R O C E S S  ---------------

Threads class SMR info:
_java_thread_list=0x00007ffce8017818, length=0, elements={
}

Java Threads: ( => current thread )

Other Threads:
  0x000001eb823d4630 GCTaskThread "GC Thread#0" [stack: 0x000000576bf00000,0x000000576c000000] [id=42032]
  0x000001eb823e50f0 ConcurrentGCThread "G1 Main Marker" [stack: 0x000000576c000000,0x000000576c100000] [id=39548]
  0x000001eb823e62a0 ConcurrentGCThread "G1 Conc#0" [stack: 0x000000576c100000,0x000000576c200000] [id=18040]

[error occurred during error reporting (printing all threads), id 0xc0000005, EXCEPTION_ACCESS_VIOLATION (0xc0000005) at pc=0x00007ffce78684c7]

VM state: not at safepoint (not fully initialized)

VM Mutex/Monitor currently owned by a thread:  ([mutex/lock_event])
[0x000001eb8237cd00] Heap_lock - owner thread: 0x000001eb82381410

Heap address: 0x0000000704800000, size: 4024 MB, Compressed Oops mode: Zero based, Oop shift amount: 3

CDS archive(s) mapped at: [0x0000000000000000-0x0000000000000000-0x0000000000000000), size 0, SharedBaseAddress: 0x0000000800000000, ArchiveRelocationMode: 0.
Narrow klass base: 0x0000000000000000, Narrow klass shift: 0, Narrow klass range: 0x0

GC Precious Log:
<Empty>

Heap:
 garbage-first heap   total 0K, used 0K [0x0000000704800000, 0x0000000800000000)
  region size 2048K, 0 young (0K), 0 survivors (0K)

[error occurred during error reporting (printing heap information), id 0xc0000005, EXCEPTION_ACCESS_VIOLATION (0xc0000005) at pc=0x00007ffce7c48c59]

GC Heap History (0 events):
No events

Deoptimization events (0 events):
No events

Classes unloaded (0 events):
No events

Classes redefined (0 events):
No events

Internal exceptions (0 events):
No events

VM Operations (0 events):
No events

Events (1 events):
Event: 0.015 Loaded shared library C:\Program Files\Java\jdk-17\bin\java.dll


Dynamic libraries:
0x00007ff647130000 - 0x00007ff64713e000 	C:\Program Files\Java\jdk-17\bin\java.exe
0x00007ffd63850000 - 0x00007ffd63a67000 	C:\WINDOWS\SYSTEM32\ntdll.dll
0x00007ffd61be0000 - 0x00007ffd61ca4000 	C:\WINDOWS\System32\KERNEL32.DLL
0x00007ffd61190000 - 0x00007ffd6154a000 	C:\WINDOWS\System32\KERNELBASE.dll
0x00007ffd60c90000 - 0x00007ffd60da1000 	C:\WINDOWS\System32\ucrtbase.dll
0x00007ffd41b30000 - 0x00007ffd41b48000 	C:\Program Files\Java\jdk-17\bin\jli.dll
0x00007ffd41a40000 - 0x00007ffd41a5a000 	C:\Program Files\Java\jdk-17\bin\VCRUNTIME140.dll
0x00007ffd61cb0000 - 0x00007ffd61e5e000 	C:\WINDOWS\System32\USER32.dll
0x00007ffd60e30000 - 0x00007ffd60e56000 	C:\WINDOWS\System32\win32u.dll
0x00007ffd62680000 - 0x00007ffd626a9000 	C:\WINDOWS\System32\GDI32.dll
0x00007ffd60ff0000 - 0x00007ffd6110b000 	C:\WINDOWS\System32\gdi32full.dll
0x00007ffd60e60000 - 0x00007ffd60efa000 	C:\WINDOWS\System32\msvcp_win.dll
0x00007ffd3f440000 - 0x00007ffd3f6d2000 	C:\WINDOWS\WinSxS\amd64_microsoft.windows.common-controls_6595b64144ccf1df_6.0.22621.4541_none_2710d1c57384c085\COMCTL32.dll
0x00007ffd622f0000 - 0x00007ffd62397000 	C:\WINDOWS\System32\msvcrt.dll
0x00007ffd62ca0000 - 0x00007ffd62cd1000 	C:\WINDOWS\System32\IMM32.DLL
0x00007ffd47c10000 - 0x00007ffd47c1c000 	C:\Program Files\Java\jdk-17\bin\vcruntime140_1.dll
0x00007ffd1e4d0000 - 0x00007ffd1e55d000 	C:\Program Files\Java\jdk-17\bin\msvcp140.dll
0x00007ffce7580000 - 0x00007ffce813e000 	C:\Program Files\Java\jdk-17\bin\server\jvm.dll
0x00007ffd627b0000 - 0x00007ffd62862000 	C:\WINDOWS\System32\ADVAPI32.dll
0x00007ffd62700000 - 0x00007ffd627a7000 	C:\WINDOWS\System32\sechost.dll
0x00007ffd60fc0000 - 0x00007ffd60fe8000 	C:\WINDOWS\System32\bcrypt.dll
0x00007ffd62020000 - 0x00007ffd62134000 	C:\WINDOWS\System32\RPCRT4.dll
0x00007ffd62c90000 - 0x00007ffd62c98000 	C:\WINDOWS\System32\PSAPI.DLL
0x00007ffd533f0000 - 0x00007ffd533f9000 	C:\WINDOWS\SYSTEM32\WSOCK32.dll
0x00007ffd62c00000 - 0x00007ffd62c71000 	C:\WINDOWS\System32\WS2_32.dll
0x00007ffd5e6f0000 - 0x00007ffd5e724000 	C:\WINDOWS\SYSTEM32\WINMM.dll
0x00007ffd4dc30000 - 0x00007ffd4dc3a000 	C:\WINDOWS\SYSTEM32\VERSION.dll
0x00007ffd5fbd0000 - 0x00007ffd5fbe8000 	C:\WINDOWS\SYSTEM32\kernel.appcore.dll
0x00007ffd47770000 - 0x00007ffd4777a000 	C:\Program Files\Java\jdk-17\bin\jimage.dll
0x00007ffd5e290000 - 0x00007ffd5e4c2000 	C:\WINDOWS\SYSTEM32\DBGHELP.DLL
0x00007ffd62870000 - 0x00007ffd62bff000 	C:\WINDOWS\System32\combase.dll
0x00007ffd62d00000 - 0x00007ffd62dd7000 	C:\WINDOWS\System32\OLEAUT32.dll
0x00007ffd5e6b0000 - 0x00007ffd5e6e2000 	C:\WINDOWS\SYSTEM32\dbgcore.DLL
0x00007ffd60db0000 - 0x00007ffd60e2b000 	C:\WINDOWS\System32\bcryptPrimitives.dll
0x00007ffd30220000 - 0x00007ffd30245000 	C:\Program Files\Java\jdk-17\bin\java.dll

dbghelp: loaded successfully - version: 4.0.5 - missing functions: none
symbol engine: initialized successfully - sym options: 0x614 - pdb path: .;C:\Program Files\Java\jdk-17\bin;C:\WINDOWS\SYSTEM32;C:\WINDOWS\WinSxS\amd64_microsoft.windows.common-controls_6595b64144ccf1df_6.0.22621.4541_none_2710d1c57384c085;C:\Program Files\Java\jdk-17\bin\server

VM Arguments:
jvm_args: -XX:+ShowCodeDetailsInExceptionMessages 
java_command: mapVersionDictionary
java_class_path (initial): C:\Users\alskd\AppData\Roaming\Code\User\workspaceStorage\c2507a8874297a49fd79201d073c58ef\redhat.java\jdt_ws\dictionary_26c8951e\bin
Launcher Type: SUN_STANDARD

[Global flags]
     intx CICompilerCount                          = 4                                         {product} {ergonomic}
     uint ConcGCThreads                            = 2                                         {product} {ergonomic}
     uint G1ConcRefinementThreads                  = 8                                         {product} {ergonomic}
   size_t G1HeapRegionSize                         = 2097152                                   {product} {ergonomic}
    uintx GCDrainStackTargetSize                   = 64                                        {product} {ergonomic}
   size_t InitialHeapSize                          = 264241152                                 {product} {ergonomic}
   size_t MarkStackSize                            = 4194304                                   {product} {ergonomic}
   size_t MaxHeapSize                              = 4219469824                                {product} {ergonomic}
   size_t MinHeapDeltaBytes                        = 2097152                                   {product} {ergonomic}
   size_t MinHeapSize                              = 8388608                                   {product} {ergonomic}
    uintx NonNMethodCodeHeapSize                   = 5839372                                {pd product} {ergonomic}
    uintx NonProfiledCodeHeapSize                  = 122909434                              {pd product} {ergonomic}
    uintx ProfiledCodeHeapSize                     = 122909434                              {pd product} {ergonomic}
    uintx ReservedCodeCacheSize                    = 251658240                              {pd product} {ergonomic}
     bool SegmentedCodeCache                       = true                                      {product} {ergonomic}
     bool ShowCodeDetailsInExceptionMessages       = true                                   {manageable} {command line}
   size_t SoftMaxHeapSize                          = 4219469824                             {manageable} {ergonomic}
     bool UseCompressedClassPointers               = true                           {product lp64_product} {ergonomic}
     bool UseCompressedOops                        = true                           {product lp64_product} {ergonomic}
     bool UseG1GC                                  = true                                      {product} {ergonomic}
     bool UseLargePagesIndividualAllocation        = false                                  {pd product} {ergonomic}

Logging:
Log output configuration:
 #0: stdout all=warning uptime,level,tags
 #1: stderr all=off uptime,level,tags

Environment Variables:
JAVA_HOME=C:\Program Files\Java\jdk-17
PATH=C:\MinGW\bin;C:\WINDOWS\System32\Dism;C:\Windows\System32;C:\Users\alskd\AppData\Local\Programs\Python\Python310;C:\Program Files\Git\cmd;C:\MinGW\bin;C:\msys64\mingw64\bin;C:\Program Files\Java\jdk-17\bin;C:\Users\alskd\anaconda3;C:\Users\alskd\anaconda3\Library\mingw-w64\bin;C:\Users\alskd\anaconda3\Library\usr\bin;C:\Users\alskd\anaconda3\Library\bin;C:\Users\alskd\anaconda3\Scripts;C:\Users\alskd\AppData\Local\Programs\Python\Python311\Scripts\;C:\Users\alskd\AppData\Local\Programs\Python\Python311\;C:\Users\alskd\AppData\Local\Microsoft\WindowsApps;C:\Users\alskd\AppData\Local\Programs\Microsoft VS Code\bin;C:\Program Files\PostgreSQL\11\bin;C:\MinGW\bin;C:\Users\alskd\IntelliJ IDEA Community Edition 2023.3.2\bin;;C:\Users\alskd\PyCharm Community Edition 2023.3.4\bin;;C:\msys64\mingw64\bin;
USERNAME=alskd
LANG=en_US.UTF-8
OS=Windows_NT
PROCESSOR_IDENTIFIER=Intel64 Family 6 Model 140 Stepping 2, GenuineIntel



---------------  S Y S T E M  ---------------

OS:
 Windows 10 , 64 bit Build 22621 (10.0.22621.4391)
OS uptime: 5 days 13:34 hours

CPU: total 8 (initial active 8) (4 cores per cpu, 2 threads per core) family 6 model 140 stepping 2 microcode 0x16, cx8, cmov, fxsr, ht, mmx, 3dnowpref, sse, sse2, sse3, ssse3, sse4.1, sse4.2, popcnt, lzcnt, tsc, tscinvbit, avx, avx2, aes, erms, clmul, bmi1, bmi2, adx, avx512f, avx512dq, avx512cd, avx512bw, avx512vl, sha, fma, vzeroupper, avx512_vpopcntdq, avx512_vpclmulqdq, avx512_vaes, avx512_vnni, clflush, clflushopt, clwb, avx512_vbmi2, avx512_vbmi

Memory: 4k page, system-wide physical 16092M (2004M free)
TotalPageFile size 43998M (AvailPageFile size 232M)
current process WorkingSet (physical memory assigned to process): 11M, peak: 11M
current process commit charge ("private bytes"): 60M, peak: 312M

vm_info: OpenJDK 64-Bit Server VM (17+35-2724) for windows-amd64 JRE (17+35-2724), built on Aug  5 2021 23:26:02 by "mach5one" with MS VC++ 16.8 (VS2019)

END.
