2025-04-02 20:40:11 [main] INFO  c.e.DailyAssignment1.aop.OrderAop - --> void com.example.DailyAssignment1.bean.order.OrderProcessorBean.execute()
2025-04-02 20:40:11 [main] INFO  c.e.DailyAssignment1.aop.OrderAop - --> void com.example.DailyAssignment1.bean.order.OrderReceiverBean.execute()
2025-04-02 20:40:11 [main] INFO  c.e.DailyAssignment1.aop.OrderAop - <-- void com.example.DailyAssignment1.bean.order.OrderReceiverBean.execute()
2025-04-02 20:40:11 [main] INFO  c.e.DailyAssignment1.aop.OrderAop - --> void com.example.DailyAssignment1.bean.order.PaymentProcessorBean.execute()
2025-04-02 20:40:11 [main] INFO  c.e.DailyAssignment1.aop.OrderAop - <-- void com.example.DailyAssignment1.bean.order.PaymentProcessorBean.execute()
2025-04-02 20:40:11 [main] INFO  c.e.DailyAssignment1.aop.OrderAop - <-- void com.example.DailyAssignment1.bean.order.OrderProcessorBean.execute()
2025-04-02 20:40:11 [main] INFO  c.e.DailyAssignment1.aop.OrderAop - --> void com.example.DailyAssignment1.bean.cook.ChefBean.execute()
2025-04-02 20:40:11 [main] INFO  c.e.DailyAssignment1.aop.OrderAop - <-- void com.example.DailyAssignment1.bean.cook.ChefBean.execute()
2025-04-02 20:40:11 [main] INFO  c.e.DailyAssignment1.aop.OrderAop - --> void com.example.DailyAssignment1.bean.deliver.DeliveryServiceBean.execute()
2025-04-02 20:40:11 [main] INFO  c.e.DailyAssignment1.aop.OrderAop - <-- void com.example.DailyAssignment1.bean.deliver.DeliveryServiceBean.execute()
2025-04-02 20:43:19 [main] INFO  c.e.DailyAssignment1.aop.OrderAop - --> void com.example.DailyAssignment1.bean.order.OrderProcessorBean.execute()
2025-04-02 20:43:19 [main] INFO  c.e.DailyAssignment1.aop.OrderAop - --> void com.example.DailyAssignment1.bean.order.OrderReceiverBean.execute()
2025-04-02 20:43:19 [main] INFO  c.e.DailyAssignment1.aop.OrderAop - <-- void com.example.DailyAssignment1.bean.order.OrderReceiverBean.execute()
2025-04-02 20:43:19 [main] INFO  c.e.DailyAssignment1.aop.OrderAop - --> void com.example.DailyAssignment1.bean.order.PaymentProcessorBean.execute()
2025-04-02 20:43:19 [main] INFO  c.e.DailyAssignment1.aop.OrderAop - <-- void com.example.DailyAssignment1.bean.order.PaymentProcessorBean.execute()
2025-04-02 20:43:19 [main] INFO  c.e.DailyAssignment1.aop.OrderAop - <-- void com.example.DailyAssignment1.bean.order.OrderProcessorBean.execute()
2025-04-02 20:43:19 [main] INFO  c.e.DailyAssignment1.aop.OrderAop - --> void com.example.DailyAssignment1.bean.cook.ChefBean.execute()
2025-04-02 20:43:19 [main] INFO  c.e.DailyAssignment1.aop.OrderAop - <-- void com.example.DailyAssignment1.bean.cook.ChefBean.execute()
2025-04-02 20:43:19 [main] INFO  c.e.DailyAssignment1.aop.OrderAop - --> void com.example.DailyAssignment1.bean.deliver.DeliveryServiceBean.execute()
2025-04-02 20:43:19 [main] INFO  c.e.DailyAssignment1.aop.OrderAop - <-- void com.example.DailyAssignment1.bean.deliver.DeliveryServiceBean.execute()
2025-04-02 21:04:58 [main] INFO  c.e.DailyAssignment1.aop.OrderAop - --> void com.example.DailyAssignment1.bean.order.OrderProcessorBean.execute()
2025-04-02 21:04:58 [main] INFO  c.e.DailyAssignment1.aop.OrderAop - --> void com.example.DailyAssignment1.bean.order.OrderReceiverBean.execute()
2025-04-02 21:04:58 [main] INFO  c.e.DailyAssignment1.aop.OrderAop - <-- void com.example.DailyAssignment1.bean.order.OrderReceiverBean.execute()
2025-04-02 21:04:58 [main] INFO  c.e.DailyAssignment1.aop.OrderAop - --> void com.example.DailyAssignment1.bean.order.PaymentProcessorBean.execute()
2025-04-02 21:04:58 [main] INFO  c.e.DailyAssignment1.aop.OrderAop - <-- void com.example.DailyAssignment1.bean.order.PaymentProcessorBean.execute()
2025-04-02 21:04:58 [main] INFO  c.e.DailyAssignment1.aop.OrderAop - <-- void com.example.DailyAssignment1.bean.order.OrderProcessorBean.execute()
2025-04-02 21:04:58 [main] INFO  c.e.DailyAssignment1.aop.OrderAop - --> void com.example.DailyAssignment1.bean.cook.ChefBean.execute()
2025-04-02 21:04:58 [main] INFO  c.e.DailyAssignment1.aop.OrderAop - <-- void com.example.DailyAssignment1.bean.cook.ChefBean.execute()
2025-04-02 21:04:58 [main] INFO  c.e.DailyAssignment1.aop.OrderAop - --> void com.example.DailyAssignment1.bean.deliver.DeliveryServiceBean.execute()
2025-04-02 21:04:58 [main] INFO  c.e.DailyAssignment1.aop.OrderAop - <-- void com.example.DailyAssignment1.bean.deliver.DeliveryServiceBean.execute()
2025-04-02 21:07:17 [main] INFO  c.e.DailyAssignment1.aop.OrderAop - --> void com.example.DailyAssignment1.bean.order.OrderProcessorBean.execute()
2025-04-02 21:07:17 [main] INFO  c.e.DailyAssignment1.aop.OrderAop - --> void com.example.DailyAssignment1.bean.order.OrderReceiverBean.execute()
2025-04-02 21:07:17 [main] INFO  c.e.DailyAssignment1.aop.OrderAop - <-- void com.example.DailyAssignment1.bean.order.OrderReceiverBean.execute()
2025-04-02 21:07:17 [main] INFO  c.e.DailyAssignment1.aop.OrderAop - --> void com.example.DailyAssignment1.bean.order.PaymentProcessorBean.execute()
2025-04-02 21:07:17 [main] INFO  c.e.DailyAssignment1.aop.OrderAop - <-- void com.example.DailyAssignment1.bean.order.PaymentProcessorBean.execute()
2025-04-02 21:07:17 [main] INFO  c.e.DailyAssignment1.aop.OrderAop - <-- void com.example.DailyAssignment1.bean.order.OrderProcessorBean.execute()
2025-04-02 21:07:17 [main] INFO  c.e.DailyAssignment1.aop.OrderAop - --> void com.example.DailyAssignment1.bean.cook.ChefBean.execute()
2025-04-02 21:07:17 [main] INFO  c.e.DailyAssignment1.aop.OrderAop - <-- void com.example.DailyAssignment1.bean.cook.ChefBean.execute()
2025-04-02 21:07:17 [main] INFO  c.e.DailyAssignment1.aop.OrderAop - --> void com.example.DailyAssignment1.bean.deliver.DeliveryServiceBean.execute()
2025-04-02 21:07:17 [main] INFO  c.e.DailyAssignment1.aop.OrderAop - <-- void com.example.DailyAssignment1.bean.deliver.DeliveryServiceBean.execute()
2025-04-02 21:20:20 [main] INFO  c.e.DailyAssignment1.aop.OrderAop - --> void com.example.DailyAssignment1.bean.order.OrderProcessorBean.execute()
2025-04-02 21:20:20 [main] INFO  c.e.DailyAssignment1.aop.OrderAop - --> void com.example.DailyAssignment1.bean.order.OrderReceiverBean.execute()
2025-04-02 21:20:20 [main] INFO  c.e.DailyAssignment1.aop.OrderAop - <-- void com.example.DailyAssignment1.bean.order.OrderReceiverBean.execute()
2025-04-02 21:20:20 [main] INFO  c.e.DailyAssignment1.aop.OrderAop - --> void com.example.DailyAssignment1.bean.order.PaymentProcessorBean.execute()
2025-04-02 21:20:20 [main] INFO  c.e.DailyAssignment1.aop.OrderAop - <-- void com.example.DailyAssignment1.bean.order.PaymentProcessorBean.execute()
2025-04-02 21:20:20 [main] INFO  c.e.DailyAssignment1.aop.OrderAop - <-- void com.example.DailyAssignment1.bean.order.OrderProcessorBean.execute()
2025-04-02 21:20:20 [main] INFO  c.e.DailyAssignment1.aop.OrderAop - --> void com.example.DailyAssignment1.bean.cook.ChefBean.execute()
2025-04-02 21:20:20 [main] INFO  c.e.DailyAssignment1.aop.OrderAop - <-- void com.example.DailyAssignment1.bean.cook.ChefBean.execute()
2025-04-02 21:20:20 [main] INFO  c.e.DailyAssignment1.aop.OrderAop - --> void com.example.DailyAssignment1.bean.deliver.DeliveryServiceBean.execute()
2025-04-02 21:20:20 [main] INFO  c.e.DailyAssignment1.aop.OrderAop - <-- void com.example.DailyAssignment1.bean.deliver.DeliveryServiceBean.execute()
2025-04-02 22:58:32 [main] INFO  c.e.DailyAssignment1.aop.OrderAop - --> void com.example.DailyAssignment1.bean.order.OrderProcessorBean.execute()
2025-04-02 22:58:32 [main] INFO  c.e.DailyAssignment1.aop.OrderAop - --> void com.example.DailyAssignment1.bean.order.OrderReceiverBean.execute()
2025-04-02 22:58:32 [main] INFO  c.e.DailyAssignment1.aop.OrderAop - <-- void com.example.DailyAssignment1.bean.order.OrderReceiverBean.execute()
2025-04-02 22:58:32 [main] INFO  c.e.DailyAssignment1.aop.OrderAop - --> void com.example.DailyAssignment1.bean.order.PaymentProcessorBean.execute()
2025-04-02 22:58:32 [main] INFO  c.e.DailyAssignment1.aop.OrderAop - <-- void com.example.DailyAssignment1.bean.order.PaymentProcessorBean.execute()
2025-04-02 22:58:32 [main] INFO  c.e.DailyAssignment1.aop.OrderAop - <-- void com.example.DailyAssignment1.bean.order.OrderProcessorBean.execute()
2025-04-02 22:58:32 [main] INFO  c.e.DailyAssignment1.aop.OrderAop - --> void com.example.DailyAssignment1.bean.cook.ChefBean.execute()
2025-04-02 22:58:32 [main] INFO  c.e.DailyAssignment1.aop.OrderAop - <-- void com.example.DailyAssignment1.bean.cook.ChefBean.execute()
2025-04-02 22:58:32 [main] INFO  c.e.DailyAssignment1.aop.OrderAop - --> void com.example.DailyAssignment1.bean.deliver.DeliveryServiceBean.execute()
2025-04-02 22:58:32 [main] INFO  c.e.DailyAssignment1.aop.OrderAop - <-- void com.example.DailyAssignment1.bean.deliver.DeliveryServiceBean.execute()
